
synthesis -f "RTC_Lattice_impl1_lattice.synproj"
synthesis:  version Diamond (64-bit) 3.7.1.502

Copyright (c) 1991-1994 by NeoCAD Inc. All rights reserved.
Copyright (c) 1995 AT&T Corp.   All rights reserved.
Copyright (c) 1995-2001 Lucent Technologies Inc.  All rights reserved.
Copyright (c) 2001 Agere Systems   All rights reserved.
Copyright (c) 2002-2016 Lattice Semiconductor Corporation,  All rights reserved.
Wed Jun 15 16:25:33 2016


Command Line:  synthesis -f RTC_Lattice_impl1_lattice.synproj -gui -msgset D:/dev/pif7000_rtc/promote.xml 

    <postMsg mid="35002000" type="Info"    dynamic="0" navigation="0"  />
Synthesis options:
The -a option is MachXO2.
The -s option is 4.
The -t option is TQFP144.
The -d option is LCMXO2-7000HC.
Using package TQFP144.
Using performance grade 4.
                                                          

##########################################################

### Lattice Family : MachXO2

### Device  : LCMXO2-7000HC

### Package : TQFP144

### Speed   : 4

##########################################################

                                                          

Optimization goal = Balanced
Top-level module name = RTC.
Target frequency = 1.000000 MHz.
Maximum fanout = 1000.
Timing path count = 3
BRAM utilization = 100.000000 %
DSP usage = true
DSP utilization = 100.000000 %
fsm_encoding_style = auto
resolve_mixed_drivers = 0
fix_gated_clocks = 1

Mux style = Auto
Use Carry Chain = true
carry_chain_length = 0
Loop Limit = 1950.
Use IO Insertion = TRUE
Use IO Reg = AUTO

Resource Sharing = TRUE
Propagate Constants = TRUE
Remove Duplicate Registers = TRUE
force_gsr = auto
ROM style = auto
RAM style = auto
The -comp option is FALSE.
The -syn option is FALSE.
-p C:/lscc/diamond/3.7_x64/ispfpga/xo2c00/data (searchpath added)
-p D:/dev/pif7000_rtc/impl1 (searchpath added)
-p D:/dev/pif7000_rtc (searchpath added)
VHDL library = work
VHDL design file = D:/dev/pif7000_rtc/hdl/pifcfg.vhd
VHDL design file = D:/dev/pif7000_rtc/hdl/piffla.vhd
VHDL design file = D:/dev/pif7000_rtc/hdl/RTC.vhd
VHDL design file = D:/dev/pif7000_rtc/hdl/pifdefs.vhd
VHDL design file = D:/dev/pif7000_rtc/hdl/PIF_RTC.vhd
NGD file = RTC_Lattice_impl1.ngd
-sdc option: SDC file input not used.
-lpf option: Output file option is ON.
Hardtimer checking is enabled (default). The -dt option is not used.
The -r option is OFF. [ Remove LOC Properties is OFF. ]
Technology check ok...

Analyzing Verilog file C:/lscc/diamond/3.7_x64/ispfpga/userware/NT/SYNTHESIS_HEADERS/machxo2.v. VERI-1482
Compile design.
Compile Design Begin
    <postMsg mid="35921504" type="Info"    dynamic="2" navigation="0" arg0="" arg1="D:/dev/pif7000_rtc/impl1"  />
Analyzing VHDL file d:/dev/pif7000_rtc/hdl/pifcfg.vhd. VHDL-1481
    <postMsg mid="35921014" type="Info"    dynamic="2" navigation="2" arg0="d:/dev/pif7000_rtc/hdl/pifcfg.vhd(10): " arg1="pifcfg" arg2="d:/dev/pif7000_rtc/hdl/pifcfg.vhd" arg3="10"  />
    <postMsg mid="35921013" type="Info"    dynamic="2" navigation="2" arg0="d:/dev/pif7000_rtc/hdl/pifcfg.vhd(19): " arg1="pifcfg" arg2="d:/dev/pif7000_rtc/hdl/pifcfg.vhd" arg3="19"  />
Analyzing VHDL file d:/dev/pif7000_rtc/hdl/piffla.vhd. VHDL-1481
    <postMsg mid="35921012" type="Info"    dynamic="2" navigation="2" arg0="d:/dev/pif7000_rtc/hdl/piffla.vhd(12): " arg1="downcounter" arg2="d:/dev/pif7000_rtc/hdl/piffla.vhd" arg3="12"  />
    <postMsg mid="35921010" type="Info"    dynamic="2" navigation="2" arg0="d:/dev/pif7000_rtc/hdl/piffla.vhd(22): " arg1="rtl" arg2="d:/dev/pif7000_rtc/hdl/piffla.vhd" arg3="22"  />
    <postMsg mid="35921012" type="Info"    dynamic="2" navigation="2" arg0="d:/dev/pif7000_rtc/hdl/piffla.vhd(51): " arg1="pif_flasher" arg2="d:/dev/pif7000_rtc/hdl/piffla.vhd" arg3="51"  />
    <postMsg mid="35921010" type="Info"    dynamic="2" navigation="2" arg0="d:/dev/pif7000_rtc/hdl/piffla.vhd(54): " arg1="rtl" arg2="d:/dev/pif7000_rtc/hdl/piffla.vhd" arg3="54"  />
Analyzing VHDL file d:/dev/pif7000_rtc/hdl/pifdefs.vhd. VHDL-1481
    <postMsg mid="35921014" type="Info"    dynamic="2" navigation="2" arg0="d:/dev/pif7000_rtc/hdl/pifdefs.vhd(12): " arg1="defs" arg2="d:/dev/pif7000_rtc/hdl/pifdefs.vhd" arg3="12"  />
    <postMsg mid="35921013" type="Info"    dynamic="2" navigation="2" arg0="d:/dev/pif7000_rtc/hdl/pifdefs.vhd(104): " arg1="defs" arg2="d:/dev/pif7000_rtc/hdl/pifdefs.vhd" arg3="104"  />
Analyzing VHDL file d:/dev/pif7000_rtc/hdl/rtc.vhd. VHDL-1481
    <postMsg mid="35921012" type="Info"    dynamic="2" navigation="2" arg0="d:/dev/pif7000_rtc/hdl/rtc.vhd(32): " arg1="rtc" arg2="d:/dev/pif7000_rtc/hdl/rtc.vhd" arg3="32"  />
    <postMsg mid="35921010" type="Info"    dynamic="2" navigation="2" arg0="d:/dev/pif7000_rtc/hdl/rtc.vhd(47): " arg1="rtl" arg2="d:/dev/pif7000_rtc/hdl/rtc.vhd" arg3="47"  />
Analyzing VHDL file d:/dev/pif7000_rtc/hdl/pif_rtc.vhd. VHDL-1481
    <postMsg mid="35921012" type="Info"    dynamic="2" navigation="2" arg0="d:/dev/pif7000_rtc/hdl/pif_rtc.vhd(32): " arg1="pif_rtc" arg2="d:/dev/pif7000_rtc/hdl/pif_rtc.vhd" arg3="32"  />
    <postMsg mid="35921010" type="Info"    dynamic="2" navigation="2" arg0="d:/dev/pif7000_rtc/hdl/pif_rtc.vhd(45): " arg1="rtl" arg2="d:/dev/pif7000_rtc/hdl/pif_rtc.vhd" arg3="45"  />
unit RTC is not yet analyzed. VHDL-1485
d:/dev/pif7000_rtc/hdl/rtc.vhd(32): executing RTC(rtl)

    <postMsg mid="35921205" type="Warning" dynamic="3" navigation="2" arg0="d:/dev/pif7000_rtc/hdl/rtc.vhd(42): " arg1="RTC" arg2="rtl" arg3="d:/dev/pif7000_rtc/hdl/rtc.vhd" arg4="42"  />
Top module name (VHDL): RTC
Last elaborated design is RTC(rtl)
Loading NGL library 'C:/lscc/diamond/3.7_x64/ispfpga/xo2c00a/data/xo2alib.ngl'...
Loading NGL library 'C:/lscc/diamond/3.7_x64/ispfpga/xo2c00/data/xo2clib.ngl'...
Loading NGL library 'C:/lscc/diamond/3.7_x64/ispfpga/mg5g00/data/mg5glib.ngl'...
Loading NGL library 'C:/lscc/diamond/3.7_x64/ispfpga/or5g00/data/orc5glib.ngl'...
Loading device for application map from file 'xo2c7000.nph' in environment: C:/lscc/diamond/3.7_x64/ispfpga.
Package Status:                     Final          Version 1.39.
Top-level module name = RTC.



    <postMsg mid="35001537" type="Warning" dynamic="2" navigation="0" arg0="OB" arg1="O"  />
    <postMsg mid="35001263" type="Warning" dynamic="1" navigation="0" arg0="LEDR"  />
    <postMsg mid="35001263" type="Warning" dynamic="1" navigation="0" arg0="LEDG"  />
    <postMsg mid="35001263" type="Warning" dynamic="1" navigation="0" arg0="GSRn"  />
    <postMsg mid="35001779" type="Warning" dynamic="1" navigation="0" arg0="\F/R_37"  />
    <postMsg mid="35001779" type="Warning" dynamic="1" navigation="0" arg0="\F/G_38"  />
Applying 1.000000 MHz constraint to all clocks

    <postMsg mid="35001611" type="Warning" dynamic="0" navigation="0"  />
Results of NGD DRC are available in RTC_drc.log.
Loading NGL library 'C:/lscc/diamond/3.7_x64/ispfpga/xo2c00a/data/xo2alib.ngl'...
Loading NGL library 'C:/lscc/diamond/3.7_x64/ispfpga/xo2c00/data/xo2clib.ngl'...
Loading NGL library 'C:/lscc/diamond/3.7_x64/ispfpga/mg5g00/data/mg5glib.ngl'...
Loading NGL library 'C:/lscc/diamond/3.7_x64/ispfpga/or5g00/data/orc5glib.ngl'...


Running DRC...

    <postMsg mid="1166052" type="Warning" dynamic="2" navigation="1" arg0="logical" arg1="F/DownCounter_18__i205/VCC_net" arg2="F/DownCounter_18__i205/VCC_net"  />
    <postMsg mid="1163101" type="Warning" dynamic="1" navigation="0" arg0="1"  />

Design Results:
    125 blocks expanded
completed the first expansion
All blocks are expanded and NGD expansion is successful.
Writing NGD file RTC_Lattice_impl1.ngd.

################### Begin Area Report (RTC)######################
Number of register bits => 61 of 7209 (0 % )
CCU2D => 27
FD1P3AX => 7
FD1S3AX => 3
FD1S3IX => 39
FD1S3JX => 12
GSR => 1
IB => 1
LUT4 => 24
OB => 5
OSCH => 1
################### End Area Report ##################

################### Begin BlackBox Report ######################
TSALL => 1
################### End BlackBox Report ##################

################### Begin Clock Report ######################
Clock Nets
Number of Clocks: 1
  Net : F/R4_c, loads : 42
Clock Enable Nets
Number of Clock Enables: 0
Top 0 highest fanout Clock Enables:
Highest fanout non-clock nets
Top 10 highest fanout non-clock nets:
  Net : comp_PIF_RTC/n163, loads : 26
  Net : F/DownCounter_18__i205/F/n164, loads : 18
  Net : F/DeltaReg_0, loads : 4
  Net : F/Accum_0, loads : 3
  Net : F/DeltaReg_1, loads : 3
  Net : F/DeltaReg_6, loads : 3
  Net : F/DeltaReg_4, loads : 3
  Net : F/DeltaReg_3, loads : 3
  Net : F/DeltaReg_2, loads : 3
  Net : comp_PIF_RTC/one_sec_cnt_12, loads : 2
################### End Clock Report ##################

Timing Report Summary
--------------
--------------------------------------------------------------------------------
Constraint                              |   Constraint|       Actual|Levels
--------------------------------------------------------------------------------
                                        |             |             |
create_clock -period 1000.000000 -name  |             |             |
clk0 [get_nets R4_c]                    |    1.000 MHz|   99.423 MHz|     6  
                                        |             |             |
--------------------------------------------------------------------------------


All constraints were met.


Peak Memory Usage: 76.270  MB

--------------------------------------------------------------
Elapsed CPU time for LSE flow : 0.859  secs
--------------------------------------------------------------

map -a "MachXO2" -p LCMXO2-7000HC -t TQFP144 -s 4 -oc Commercial   "RTC_Lattice_impl1.ngd" -o "RTC_Lattice_impl1_map.ncd" -pr "RTC_Lattice_impl1.prf" -mp "RTC_Lattice_impl1.mrp" -lpf "D:/dev/pif7000_rtc/impl1/RTC_Lattice_impl1.lpf" -lpf "D:/dev/pif7000_rtc/pif.lpf" -c 0            
map:  version Diamond (64-bit) 3.7.1.502

Copyright (c) 1991-1994 by NeoCAD Inc. All rights reserved.
Copyright (c) 1995 AT&T Corp.   All rights reserved.
Copyright (c) 1995-2001 Lucent Technologies Inc.  All rights reserved.
Copyright (c) 2001 Agere Systems   All rights reserved.
Copyright (c) 2002-2016 Lattice Semiconductor Corporation,  All rights reserved.
   Process the file: RTC_Lattice_impl1.ngd
   Picdevice="LCMXO2-7000HC"

   Pictype="TQFP144"

   Picspeed=4

   Remove unused logic

   Do not produce over sized NCDs.

Part used: LCMXO2-7000HCTQFP144, Performance used: 4.

Loading device for application baspr from file 'xo2c7000.nph' in environment: C:/lscc/diamond/3.7_x64/ispfpga.
Package Status:                     Final          Version 1.39.

Running general design DRC...

Removing unused logic...

Optimizing...

    <postMsg mid="52101118" type="Warning" dynamic="4" navigation="0" arg0="OSCH" arg1="F/OSCInst0" arg2="2.08" arg3="26.60"  />
    <postMsg mid="52101186" type="Warning" dynamic="1" navigation="0" arg0="MachXO2"  />



Design Summary:
   Number of registers:     61 out of  7209 (1%)
      PFU registers:           61 out of  6864 (1%)
      PIO registers:            0 out of   345 (0%)
   Number of SLICEs:        39 out of  3432 (1%)
      SLICEs as Logic/ROM:     39 out of  3432 (1%)
      SLICEs as RAM:            0 out of  2574 (0%)
      SLICEs as Carry:         27 out of  3432 (1%)
   Number of LUT4s:         75 out of  6864 (1%)
      Number used as logic LUTs:         21
      Number used as distributed RAM:     0
      Number used as ripple logic:       54
      Number used as shift registers:     0
   Number of PIO sites used: 6 + 1(JTAGENB) out of 115 (6%)
   Number of block RAMs:  0 out of 26 (0%)
   Number of GSRs:  1 out of 1 (100%)
   EFB used :       No
   JTAG used :      No
   Readback used :  No
   Oscillator used :  Yes
   Startup used :   No
   POR :            On
   Bandgap :        On
   Number of Power Controller:  0 out of 1 (0%)
   Number of Dynamic Bank Controller (BCINRD):  0 out of 6 (0%)
   Number of Dynamic Bank Controller (BCLVDSO):  0 out of 1 (0%)
   Number of DCCA:  0 out of 8 (0%)
   Number of DCMA:  0 out of 2 (0%)
   Number of PLLs:  0 out of 2 (0%)
   Number of DQSDLLs:  0 out of 2 (0%)
   Number of CLKDIVC:  0 out of 4 (0%)
   Number of ECLKSYNCA:  0 out of 4 (0%)
   Number of ECLKBRIDGECS:  0 out of 2 (0%)
   Notes:-
      1. Total number of LUT4s = (Number of logic LUT4s) + 2*(Number of distributed RAMs) + 2*(Number of ripple logic)
      2. Number of logic LUT4s does not include count of distributed RAM and ripple logic.
   Number of clocks:  1
     Net R4_c: 35 loads, 35 rising, 0 falling (Driver: F/OSCInst0 )
   Number of Clock Enables:  1
     Net F/Tick: 4 loads, 4 LSLICEs
   Number of LSRs:  3
     Net comp_PIF_RTC/n163: 13 loads, 13 LSLICEs
     Net F/DeltaReg_6: 2 loads, 2 LSLICEs
     Net F/Tick: 13 loads, 13 LSLICEs
   Number of nets driven by tri-state buffers:  0
   Top 10 highest fanout non-clock nets:
     Net F/Tick: 18 loads
     Net comp_PIF_RTC/n163: 15 loads
     Net F/DeltaReg_0: 4 loads
     Net F/Accum_0: 3 loads
     Net F/DeltaReg_1: 3 loads
     Net F/DeltaReg_2: 3 loads
     Net F/DeltaReg_3: 3 loads
     Net F/DeltaReg_4: 3 loads
     Net F/DeltaReg_6: 3 loads
     Net comp_PIF_RTC/one_sec_cnt_0: 2 loads
 

   Number of warnings:  2
   Number of errors:    0



Total CPU Time: 0 secs  
Total REAL Time: 0 secs  
Peak Memory Usage: 58 MB

Dumping design to file RTC_Lattice_impl1_map.ncd.

ncd2vdb "RTC_Lattice_impl1_map.ncd" ".vdbs/RTC_Lattice_impl1_map.vdb"

Loading device for application ncd2vdb from file 'xo2c7000.nph' in environment: C:/lscc/diamond/3.7_x64/ispfpga.

mpartrce -p "RTC_Lattice_impl1.p2t" -f "RTC_Lattice_impl1.p3t" -tf "RTC_Lattice_impl1.pt" "RTC_Lattice_impl1_map.ncd" "RTC_Lattice_impl1.ncd"

---- MParTrce Tool ----
Removing old design directory at request of -rem command line option to this program.
Running par. Please wait . . .

Lattice Place and Route Report for Design "RTC_Lattice_impl1_map.ncd"
Wed Jun 15 16:25:36 2016

PAR: Place And Route Diamond (64-bit) 3.7.1.502.
Command Line: par -w -l 5 -i 6 -t 1 -c 0 -e 0 -gui -msgset D:/dev/pif7000_rtc/promote.xml -exp parUseNBR=1:parCDP=0:parCDR=0:parPathBased=OFF RTC_Lattice_impl1_map.ncd RTC_Lattice_impl1.dir/5_1.ncd RTC_Lattice_impl1.prf
Preference file: RTC_Lattice_impl1.prf.
Placement level-cost: 5-1.
Routing Iterations: 6

Loading design for application par from file RTC_Lattice_impl1_map.ncd.
Design name: RTC
NCD version: 3.3
Vendor:      LATTICE
Device:      LCMXO2-7000HC
Package:     TQFP144
Performance: 4
Loading device for application par from file 'xo2c7000.nph' in environment: C:/lscc/diamond/3.7_x64/ispfpga.
Package Status:                     Final          Version 1.39.
Performance Hardware Data Status:   Final          Version 33.4.
License checked out.


Ignore Preference Error(s):  True
Device utilization summary:

   PIO (prelim)    6+1(JTAGENB)/336 2% used
                   6+1(JTAGENB)/115 6% bonded

   SLICE             39/3432          1% used

   GSR                1/1           100% used
   OSC                1/1           100% used


Number of Signals: 158
Number of Connections: 274
    <postMsg mid="61061044" type="Warning" dynamic="1" navigation="0" arg0="MachXO2"  />
    <postMsg mid="61061045" type="Warning" dynamic="0" navigation="0"  />

Pin Constraint Summary:
   6 out of 6 pins locked (100% locked).

The following 1 signal is selected to use the primary clock routing resources:
    R4_c (driver: F/OSCInst0, clk load #: 35)


The following 2 signals are selected to use the secondary clock routing resources:
    F/Tick (driver: F/DownCounter_18__i205/SLICE_13, clk load #: 0, sr load #: 13, ce load #: 4)
    comp_PIF_RTC/n163 (driver: comp_PIF_RTC/SLICE_35, clk load #: 0, sr load #: 13, ce load #: 0)

Signal GSRnX is selected as Global Set/Reset.
Starting Placer Phase 0.

Finished Placer Phase 0.  REAL time: 0 secs 

Starting Placer Phase 1.
..................
Placer score = 7086.
Finished Placer Phase 1.  REAL time: 4 secs 

Starting Placer Phase 2.
.
Placer score =  7086
Finished Placer Phase 2.  REAL time: 4 secs 


------------------ Clock Report ------------------

Global Clock Resources:
  CLK_PIN    : 0 out of 8 (0%)
  PLL        : 0 out of 2 (0%)
  DCM        : 0 out of 2 (0%)
  DCC        : 0 out of 8 (0%)

Quadrants All (TL, TR, BL, BR) - Global Clocks:
  PRIMARY "R4_c" from OSC on comp "F/OSCInst0" on site "OSC", clk load = 35
  SECONDARY "F/Tick" from Q1 on comp "F/DownCounter_18__i205/SLICE_13" on site "R21C18B", clk load = 0, ce load = 4, sr load = 13
  SECONDARY "comp_PIF_RTC/n163" from F1 on comp "comp_PIF_RTC/SLICE_35" on site "R21C20B", clk load = 0, ce load = 0, sr load = 13

  PRIMARY  : 1 out of 8 (12%)
  SECONDARY: 2 out of 8 (25%)

Edge Clocks:
  No edge clock selected.

--------------- End of Clock Report ---------------


I/O Usage Summary (final):
   6 + 1(JTAGENB) out of 336 (2.1%) PIO sites used.
   6 + 1(JTAGENB) out of 115 (6.1%) bonded PIO sites used.
   Number of PIO comps: 6; differential: 0.
   Number of Vref pins used: 0.

I/O Bank Usage Summary:
+----------+---------------+------------+-----------+
| I/O Bank | Usage         | Bank Vccio | Bank Vref |
+----------+---------------+------------+-----------+
| 0        | 3 / 28 ( 10%) | 3.3V       | -         |
| 1        | 3 / 29 ( 10%) | 3.3V       | -         |
| 2        | 0 / 29 (  0%) | 3.3V       | -         |
| 3        | 0 / 9 (  0%)  | 3.3V       | -         |
| 4        | 0 / 10 (  0%) | -          | -         |
| 5        | 0 / 10 (  0%) | -          | -         |
+----------+---------------+------------+-----------+

Total placer CPU time: 3 secs 

Dumping design to file RTC_Lattice_impl1.dir/5_1.ncd.

0 connections routed; 274 unrouted.
Starting router resource preassignment

Completed router resource preassignment. Real time: 5 secs 

Start NBR router at 16:25:41 06/15/16

*****************************************************************
Info: NBR allows conflicts(one node used by more than one signal)
      in the earlier iterations. In each iteration, it tries to  
      solve the conflicts while keeping the critical connections 
      routed as short as possible. The routing process is said to
      be completed when no conflicts exist and all connections   
      are routed.                                                
Note: NBR uses a different method to calculate timing slacks. The
      worst slack and total negative slack may not be the same as
      that in TRCE report. You should always run TRCE to verify  
      your design.                                               
*****************************************************************

Start NBR special constraint process at 16:25:41 06/15/16

Start NBR section for initial routing at 16:25:41 06/15/16
Level 4, iteration 1
5(0.00%) conflicts; 0(0.00%) untouched conn; 0 (nbr) score; 
Estimated worst slack/total negative slack<setup>: 470.982ns/0.000ns; real time: 6 secs 

Info: Initial congestion level at 75% usage is 0
Info: Initial congestion area  at 75% usage is 0 (0.00%)

Start NBR section for normal routing at 16:25:42 06/15/16
Level 4, iteration 1
4(0.00%) conflicts; 0(0.00%) untouched conn; 0 (nbr) score; 
Estimated worst slack/total negative slack<setup>: 470.982ns/0.000ns; real time: 6 secs 
Level 4, iteration 2
3(0.00%) conflicts; 0(0.00%) untouched conn; 0 (nbr) score; 
Estimated worst slack/total negative slack<setup>: 470.982ns/0.000ns; real time: 6 secs 
Level 4, iteration 3
1(0.00%) conflict; 0(0.00%) untouched conn; 0 (nbr) score; 
Estimated worst slack/total negative slack<setup>: 470.982ns/0.000ns; real time: 6 secs 
Level 4, iteration 4
0(0.00%) conflict; 0(0.00%) untouched conn; 0 (nbr) score; 
Estimated worst slack/total negative slack<setup>: 470.982ns/0.000ns; real time: 6 secs 

Start NBR section for setup/hold timing optimization with effort level 3 at 16:25:42 06/15/16

Start NBR section for re-routing at 16:25:42 06/15/16
Level 4, iteration 1
0(0.00%) conflict; 0(0.00%) untouched conn; 0 (nbr) score; 
Estimated worst slack/total negative slack<setup>: 470.982ns/0.000ns; real time: 6 secs 

Start NBR section for post-routing at 16:25:42 06/15/16

End NBR router with 0 unrouted connection

NBR Summary
-----------
  Number of unrouted connections : 0 (0.00%)
  Number of connections with timing violations : 0 (0.00%)
  Estimated worst slack<setup> : 470.982ns
  Timing score<setup> : 0
-----------
Notes: The timing info is calculated for SETUP only and all PAR_ADJs are ignored.



Total CPU time 5 secs 
Total REAL time: 6 secs 
Completely routed.
End of route.  274 routed (100.00%); 0 unrouted.
Checking DRC ... 
No errors found.

Hold time timing score: 0, hold timing errors: 0

Timing score: 0 

Dumping design to file RTC_Lattice_impl1.dir/5_1.ncd.


PAR_SUMMARY::Run status = completed
PAR_SUMMARY::Number of unrouted conns = 0
PAR_SUMMARY::Worst  slack<setup/<ns>> = 470.982
PAR_SUMMARY::Timing score<setup/<ns>> = 0.000
PAR_SUMMARY::Worst  slack<hold /<ns>> = 0.340
PAR_SUMMARY::Timing score<hold /<ns>> = 0.000
PAR_SUMMARY::Number of errors = 0

Total CPU  time to completion: 6 secs 
Total REAL time to completion: 6 secs 

par done!

Copyright (c) 1991-1994 by NeoCAD Inc. All rights reserved.
Copyright (c) 1995 AT&T Corp.   All rights reserved.
Copyright (c) 1995-2001 Lucent Technologies Inc.  All rights reserved.
Copyright (c) 2001 Agere Systems   All rights reserved.
Copyright (c) 2002-2016 Lattice Semiconductor Corporation,  All rights reserved.
Exiting par with exit code 0
Exiting mpartrce with exit code 0

bitgen -f "RTC_Lattice_impl1.t2b" -w "RTC_Lattice_impl1.ncd" -jedec "RTC_Lattice_impl1.prf"


BITGEN: Bitstream Generator Diamond (64-bit) 3.7.1.502
Copyright (c) 1991-1994 by NeoCAD Inc. All rights reserved.
Copyright (c) 1995 AT&T Corp.   All rights reserved.
Copyright (c) 1995-2001 Lucent Technologies Inc.  All rights reserved.
Copyright (c) 2001 Agere Systems   All rights reserved.
Copyright (c) 2002-2016 Lattice Semiconductor Corporation,  All rights reserved.


Loading design for application Bitgen from file RTC_Lattice_impl1.ncd.
Design name: RTC
NCD version: 3.3
Vendor:      LATTICE
Device:      LCMXO2-7000HC
Package:     TQFP144
Performance: 4
Loading device for application Bitgen from file 'xo2c7000.nph' in environment: C:/lscc/diamond/3.7_x64/ispfpga.
Package Status:                     Final          Version 1.39.
Performance Hardware Data Status:   Final          Version 33.4.

Running DRC.
DRC detected 0 errors and 0 warnings.
Reading Preference File from RTC_Lattice_impl1.prf.

Preference Summary:
+---------------------------------+---------------------------------+
|  Preference                     |  Current Setting                |
+---------------------------------+---------------------------------+
|                         RamCfg  |                        Reset**  |
+---------------------------------+---------------------------------+
|                     MCCLK_FREQ  |                          10.23  |
+---------------------------------+---------------------------------+
|                  CONFIG_SECURE  |                          OFF**  |
+---------------------------------+---------------------------------+
|                      JTAG_PORT  |                        DISABLE  |
+---------------------------------+---------------------------------+
|                       SDM_PORT  |                       PROGRAMN  |
+---------------------------------+---------------------------------+
|                 SLAVE_SPI_PORT  |                         ENABLE  |
+---------------------------------+---------------------------------+
|                MASTER_SPI_PORT  |                      DISABLE**  |
+---------------------------------+---------------------------------+
|                       I2C_PORT  |                      DISABLE**  |
+---------------------------------+---------------------------------+
|        MUX_CONFIGURATION_PORTS  |                      DISABLE**  |
+---------------------------------+---------------------------------+
|                  CONFIGURATION  |                          CFG**  |
+---------------------------------+---------------------------------+
|                COMPRESS_CONFIG  |                           ON**  |
+---------------------------------+---------------------------------+
|                        MY_ASSP  |                          OFF**  |
+---------------------------------+---------------------------------+
|               ONE_TIME_PROGRAM  |                          OFF**  |
+---------------------------------+---------------------------------+
|                 ENABLE_TRANSFR  |                      DISABLE**  |
+---------------------------------+---------------------------------+
|                  SHAREDEBRINIT  |                      DISABLE**  |
+---------------------------------+---------------------------------+
|            BACKGROUND_RECONFIG  |                          OFF**  |
+---------------------------------+---------------------------------+
 *  Default setting.
 ** The specified setting matches the default setting.


Creating bit map...
 
Bitstream Status: Final           Version 1.90.
 
Saving bit stream in "RTC_Lattice_impl1.jed".
 
===========
UFM Summary.
===========
UFM Size:        2046 Pages (128*2046 Bits).
UFM Utilization: General Purpose Flash Memory.
 
Available General Purpose Flash Memory: 2046 Pages (Page 0 to Page 2045).
Initialized UFM Pages:                     0 Page.
 
