# Synopsys Constraint Checker, version maplat, Build 1368R, built Jan  8 2016
# Copyright (C) 1994-2016 Synopsys, Inc. All rights reserved. This Synopsys software and all associated documentation are proprietary to Synopsys, Inc. and may only be used pursuant to the terms and conditions of a written license agreement with Synopsys, Inc. All other use, reproduction, modification, or distribution of the Synopsys software or the associated documentation is strictly prohibited.

# Written on Thu Jul 14 15:21:17 2016


##### DESIGN INFO #######################################################

Top View:                "RTC"
Constraint File(s):      (none)




##### SUMMARY ############################################################

Found 0 issues in 0 out of 0 constraints


##### DETAILS ############################################################



Clock Relationships
*******************

Starting                            Ending                              |     rise to rise     |     fall to fall     |     rise to fall     |     fall to rise                     
-----------------------------------------------------------------------------------------------------------------------------------------------------------------------------------
pif_flasher|xclk_inferred_clock     pif_flasher|xclk_inferred_clock     |     480.769          |     No paths         |     No paths         |     No paths                         
===================================================================================================================================================================================
 Note: 'No paths' indicates there are no paths in the design for that pair of clock edges.
       'Diff grp' indicates that paths exist but the starting clock and ending clock are in different clock groups.


Unconstrained Start/End Points
******************************

p:GPIO17
p:GPIO27
p:GSRn
p:LEDG
p:LEDR


Inapplicable constraints
************************

(none)


Applicable constraints with issues
**********************************

(none)


Constraints with matching wildcard expressions
**********************************************

(none)


Library Report
**************


# End of Constraint Checker Report
